#
# An unexpected error has been detected by Java Runtime Environment:
#
#  Internal Error (classFileParser.cpp:2923), pid=6040, tid=7068
#  Error: ShouldNotReachHere()
#
# Java VM: Java HotSpot(TM) Client VM (11.0-b15 mixed mode windows-x86)
# If you would like to submit a bug report, please visit:
#   http://java.sun.com/webapps/bugreport/crash.jsp
#

---------------  T H R E A D  ---------------

Current thread (0x024ba000):  JavaThread "Unknown thread" [_thread_in_vm, id=7068, stack(0x00430000,0x00480000)]

Stack: [0x00430000,0x00480000]
[error occurred during error reporting (printing stack bounds), id 0xc0000005]


---------------  P R O C E S S  ---------------

Java Threads: ( => current thread )

Other Threads:

=>0x024ba000 (exited) JavaThread "Unknown thread" [_thread_in_vm, id=7068, stack(0x00430000,0x00480000)]

VM state:not at safepoint (not fully initialized)

VM Mutex/Monitor currently owned by a thread: None

Dynamic libraries:
0x00400000 - 0x00424000 	C:\Program Files (x86)\Java\jdk1.6.0_10\bin\javaw.exe
0x77c60000 - 0x77de0000 	C:\Windows\SysWOW64\ntdll.dll
0x77450000 - 0x77560000 	C:\Windows\syswow64\kernel32.dll
0x77170000 - 0x771b7000 	C:\Windows\syswow64\KERNELBASE.dll
0x77570000 - 0x77610000 	C:\Windows\syswow64\ADVAPI32.dll
0x75f50000 - 0x75ffc000 	C:\Windows\syswow64\msvcrt.dll
0x75c70000 - 0x75c89000 	C:\Windows\SysWOW64\sechost.dll
0x762b0000 - 0x763a0000 	C:\Windows\syswow64\RPCRT4.dll
0x757c0000 - 0x75820000 	C:\Windows\syswow64\SspiCli.dll
0x757b0000 - 0x757bc000 	C:\Windows\syswow64\CRYPTBASE.dll
0x75820000 - 0x75920000 	C:\Windows\syswow64\USER32.dll
0x777d0000 - 0x77860000 	C:\Windows\syswow64\GDI32.dll
0x77560000 - 0x7756a000 	C:\Windows\syswow64\LPK.dll
0x76ff0000 - 0x7708d000 	C:\Windows\syswow64\USP10.dll
0x77770000 - 0x777d0000 	C:\Windows\system32\IMM32.DLL
0x761e0000 - 0x762ac000 	C:\Windows\syswow64\MSCTF.dll
0x7c340000 - 0x7c396000 	C:\Program Files (x86)\Java\jdk1.6.0_10\jre\bin\msvcr71.dll
0x6d8b0000 - 0x6db06000 	C:\Program Files (x86)\Java\jdk1.6.0_10\jre\bin\client\jvm.dll
0x73230000 - 0x73262000 	C:\Windows\system32\WINMM.dll
0x72040000 - 0x7208c000 	C:\Windows\system32\apphelp.dll
0x6d330000 - 0x6d338000 	C:\Program Files (x86)\Java\jdk1.6.0_10\jre\bin\hpi.dll
0x77090000 - 0x77095000 	C:\Windows\syswow64\PSAPI.DLL
0x6d860000 - 0x6d86c000 	C:\Program Files (x86)\Java\jdk1.6.0_10\jre\bin\verify.dll
0x6d3d0000 - 0x6d3ef000 	C:\Program Files (x86)\Java\jdk1.6.0_10\jre\bin\java.dll
0x6d8a0000 - 0x6d8af000 	C:\Program Files (x86)\Java\jdk1.6.0_10\jre\bin\zip.dll

VM Arguments:
jvm_args: -Dfile.encoding=GBK -Xbootclasspath:J:\Rayn\android-sdk\platforms\android-8\android.jar 
java_command: com.airbiquity.hap.tts.JSpeexEnc
Launcher Type: SUN_STANDARD

Environment Variables:
JAVA_HOME=C:\Program Files (x86)\Java\jdk1.6.0_10
JRE_HOME=C:\Program Files (x86)\Java\jdk1.6.0_10\jre
CLASSPATH=C:\Program Files\IBM\RationalSDLC\ClearQuest\cqjni.jar
PATH=C:\Program Files\Common Files\Microsoft Shared\Windows Live;C:\Program Files (x86)\Common Files\Microsoft Shared\Windows Live;C:\Windows\system32;C:\Windows;C:\Windows\System32\Wbem;C:\Windows\System32\WindowsPowerShell\v1.0\;C:\Program Files (x86)\Microsoft SQL Server\100\Tools\Binn\;C:\Program Files\Microsoft SQL Server\100\Tools\Binn\;C:\Program Files\Microsoft SQL Server\100\DTS\Binn\;C:\Program Files (x86)\Microsoft SQL Server\100\Tools\Binn\VSShell\Common7\IDE\;C:\Program Files (x86)\Microsoft Visual Studio 9.0\Common7\IDE\PrivateAssemblies\;C:\Program Files (x86)\Microsoft SQL Server\100\DTS\Binn\;C:\Program Files\IBM\RationalSDLC\ClearCase\bin;C:\Program Files\IBM\RationalSDLC\common;C:\Program Files (x86)\Windows Live\Shared;c:\Program Files (x86)\Microsoft ASP.NET\ASP.NET Web Pages\v1.0\;C:\Program Files\Microsoft SQL Server\110\Tools\Binn\;C:\Program Files (x86)\Java\jdk1.6.0_10\bin;J:\system\android-sdk\android-sdk_eng_20120917\platform-tools;J:\system\android-sdk\android-sdk_eng_20120917\tools;C:\apache-maven-3.0.4\bin;C:\Program Files\TortoiseGit\bin
USERNAME=rayn.xu
OS=Windows_NT
PROCESSOR_IDENTIFIER=Intel64 Family 6 Model 42 Stepping 7, GenuineIntel



---------------  S Y S T E M  ---------------

OS: Windows NT 6.1 Build 7601 Service Pack 1

CPU:total 4 (8 cores per cpu, 2 threads per core) family 6 model 10 stepping 7, cmov, cx8, fxsr, mmx, sse, sse2, sse3, ssse3, ht

Memory: 4k page, physical 4194303k(4194303k free), swap 4194303k(4194303k free)

vm_info: Java HotSpot(TM) Client VM (11.0-b15) for windows-x86 JRE (1.6.0_10-rc2-b32), built on Sep 12 2008 00:52:11 by "java_re" with MS VC++ 7.1

time: Thu Nov 15 10:25:08 2012
elapsed time: 0 seconds

